<?xml version="1.0" encoding="UTF-8"?>
<!-- Generated by org.testng.reporters.JUnitXMLReporter -->
<testsuite ignored="0" hostname="meldeeb-latitude-e6540" failures="0" tests="10" name="Default test" time="376.321" errors="0" timestamp="2021-08-02T18:39:15 EET">
  <testcase classname="appiumtests.AppiumTests" name="ratePlayerTestcase" time="15.425"/>
  <testcase classname="appiumtests.AppiumTests" name="rateGoalTestcase" time="15.598"/>
  <testcase classname="appiumtests.AppiumTests" name="recommendSubTestcase" time="16.268"/>
  <testcase classname="appiumtests.AppiumTests" name="predictScoreTestcase" time="14.92"/>
  <testcase classname="appiumtests.AppiumTests" name="createPostTestcase" time="19.916"/>
  <testcase classname="appiumtests.AppiumTests" name="guestRatePlayerTestcase" time="32.767"/>
  <testcase classname="appiumtests.AppiumTests" name="guestRateGoalTestcase" time="30.344"/>
  <testcase classname="appiumtests.AppiumTests" name="guestRecommendSubTestcase" time="30.844"/>
  <testcase classname="appiumtests.AppiumTests" name="guestPredictScoreTestcase" time="30.125"/>
  <testcase classname="appiumtests.AppiumTests" name="guestCreatePostTestcase" time="42.544"/>
</testsuite> <!-- Default test -->
