<?xml version="1.0" encoding="UTF-8"?>
<!-- Generated by org.testng.reporters.JUnitXMLReporter -->
<testsuite ignored="1" hostname="meldeeb-latitude-e6540" failures="0" tests="1" name="Default test" time="10.82" errors="0" timestamp="2021-02-08T22:28:26 EET">
  <testcase classname="appiumtests.ElementAssertions" name="assetNavBar" time="5.929"/>
  <testcase classname="appiumtests.ElementAssertions" name="assetNavTabs" time="0.0">
    <ignored/>
  </testcase> <!-- assetNavTabs -->
</testsuite> <!-- Default test -->
