<?xml version="1.0" encoding="UTF-8"?>
<!-- Generated by org.testng.reporters.JUnitXMLReporter -->
<testsuite hostname="DESKTOP-RRS71A3" ignored="0" name="Default test" tests="6" failures="0" timestamp="08 Jul 2021 15:14:23 GMT" time="201.904" errors="0">
  <testcase name="ratePlayerTestcase" time="17.155" classname="appiumtests.AppiumTests"/>
  <testcase name="recommendSubTestcase" time="15.96" classname="appiumtests.AppiumTests"/>
  <testcase name="predictScoreTestcase" time="12.83" classname="appiumtests.AppiumTests"/>
  <testcase name="guestPredictScoreTestcase" time="27.981" classname="appiumtests.AppiumTests"/>
  <testcase name="guestRatePlayerTestcase" time="29.595" classname="appiumtests.AppiumTests"/>
  <testcase name="guestRecommendSubTestcase" time="27.925" classname="appiumtests.AppiumTests"/>
</testsuite> <!-- Default test -->
