<?xml version="1.0" encoding="UTF-8"?>
<!-- Generated by org.testng.reporters.JUnitXMLReporter -->
<testsuite hostname="DESKTOP-RRS71A3" ignored="0" name="Default test" tests="8" failures="0" timestamp="08 Jul 2021 17:30:22 GMT" time="259.782" errors="0">
  <testcase name="ratePlayerTestcase" time="15.794" classname="appiumtests.AppiumTests"/>
  <testcase name="rateGoalTestcase" time="14.256" classname="appiumtests.AppiumTests"/>
  <testcase name="recommendSubTestcase" time="17.019" classname="appiumtests.AppiumTests"/>
  <testcase name="predictScoreTestcase" time="14.692" classname="appiumtests.AppiumTests"/>
  <testcase name="guestRatePlayerTestcase" time="29.752" classname="appiumtests.AppiumTests"/>
  <testcase name="guestRateGoalTestcase" time="26.967" classname="appiumtests.AppiumTests"/>
  <testcase name="guestRecommendSubTestcase" time="26.47" classname="appiumtests.AppiumTests"/>
  <testcase name="guestPredictScoreTestcase" time="26.141" classname="appiumtests.AppiumTests"/>
</testsuite> <!-- Default test -->
