<?xml version="1.0" encoding="UTF-8"?>
<testng-results ignored="0" total="6" passed="6" failed="0" skipped="0">
  <reporter-output>
  </reporter-output>
  <suite started-at="2021-01-26T20:46:36 EET" name="Default suite" finished-at="2021-01-26T20:52:37 EET" duration-ms="361434">
    <groups>
    </groups>
    <test started-at="2021-01-26T20:46:36 EET" name="Default test" finished-at="2021-01-26T20:52:37 EET" duration-ms="361434">
      <class name="appiumtests.AppiumTests">
        <test-method is-config="true" signature="initialization()[pri:0, instance:appiumtests.AppiumTests@2cd2a21f]" started-at="2021-01-26T20:46:36 EET" name="initialization" finished-at="2021-01-26T20:46:48 EET" duration-ms="12716" status="PASS">
          <reporter-output>
          </reporter-output>
        </test-method> <!-- initialization -->
        <test-method signature="ratePlayerTestcase()[pri:0, instance:appiumtests.AppiumTests@2cd2a21f]" started-at="2021-01-26T20:46:48 EET" name="ratePlayerTestcase" finished-at="2021-01-26T20:47:04 EET" duration-ms="15737" status="PASS">
          <reporter-output>
          </reporter-output>
        </test-method> <!-- ratePlayerTestcase -->
        <test-method is-config="true" signature="betweenTests()[pri:0, instance:appiumtests.AppiumTests@2cd2a21f]" started-at="2021-01-26T20:47:04 EET" name="betweenTests" finished-at="2021-01-26T20:47:11 EET" duration-ms="6973" status="PASS">
          <reporter-output>
          </reporter-output>
        </test-method> <!-- betweenTests -->
        <test-method signature="recommendSubTestcase()[pri:1, instance:appiumtests.AppiumTests@2cd2a21f]" started-at="2021-01-26T20:47:11 EET" name="recommendSubTestcase" finished-at="2021-01-26T20:47:37 EET" duration-ms="25649" status="PASS">
          <reporter-output>
          </reporter-output>
        </test-method> <!-- recommendSubTestcase -->
        <test-method is-config="true" signature="betweenTests()[pri:0, instance:appiumtests.AppiumTests@2cd2a21f]" started-at="2021-01-26T20:47:37 EET" name="betweenTests" finished-at="2021-01-26T20:47:44 EET" duration-ms="7662" status="PASS">
          <reporter-output>
          </reporter-output>
        </test-method> <!-- betweenTests -->
        <test-method signature="predictScoreTestcase()[pri:2, instance:appiumtests.AppiumTests@2cd2a21f]" started-at="2021-01-26T20:47:44 EET" name="predictScoreTestcase" finished-at="2021-01-26T20:48:06 EET" duration-ms="21519" status="PASS">
          <reporter-output>
          </reporter-output>
        </test-method> <!-- predictScoreTestcase -->
        <test-method is-config="true" signature="betweenTests()[pri:0, instance:appiumtests.AppiumTests@2cd2a21f]" started-at="2021-01-26T20:48:06 EET" name="betweenTests" finished-at="2021-01-26T20:48:14 EET" duration-ms="8168" status="PASS">
          <reporter-output>
          </reporter-output>
        </test-method> <!-- betweenTests -->
        <test-method signature="guestPredictScoreTestcase()[pri:3, instance:appiumtests.AppiumTests@2cd2a21f]" started-at="2021-01-26T20:48:14 EET" name="guestPredictScoreTestcase" finished-at="2021-01-26T20:49:18 EET" duration-ms="63739" status="PASS">
          <reporter-output>
          </reporter-output>
        </test-method> <!-- guestPredictScoreTestcase -->
        <test-method is-config="true" signature="betweenTests()[pri:0, instance:appiumtests.AppiumTests@2cd2a21f]" started-at="2021-01-26T20:49:18 EET" name="betweenTests" finished-at="2021-01-26T20:49:26 EET" duration-ms="8439" status="PASS">
          <reporter-output>
          </reporter-output>
        </test-method> <!-- betweenTests -->
        <test-method signature="guestRatePlayerTestcase()[pri:4, instance:appiumtests.AppiumTests@2cd2a21f]" started-at="2021-01-26T20:49:26 EET" name="guestRatePlayerTestcase" finished-at="2021-01-26T20:50:37 EET" duration-ms="70520" status="PASS">
          <reporter-output>
          </reporter-output>
        </test-method> <!-- guestRatePlayerTestcase -->
        <test-method is-config="true" signature="betweenTests()[pri:0, instance:appiumtests.AppiumTests@2cd2a21f]" started-at="2021-01-26T20:50:37 EET" name="betweenTests" finished-at="2021-01-26T20:50:47 EET" duration-ms="10495" status="PASS">
          <reporter-output>
          </reporter-output>
        </test-method> <!-- betweenTests -->
        <test-method signature="guestRecommendSubTestcase()[pri:5, instance:appiumtests.AppiumTests@2cd2a21f]" started-at="2021-01-26T20:50:47 EET" name="guestRecommendSubTestcase" finished-at="2021-01-26T20:52:26 EET" duration-ms="98989" status="PASS">
          <reporter-output>
          </reporter-output>
        </test-method> <!-- guestRecommendSubTestcase -->
        <test-method is-config="true" signature="betweenTests()[pri:0, instance:appiumtests.AppiumTests@2cd2a21f]" started-at="2021-01-26T20:52:26 EET" name="betweenTests" finished-at="2021-01-26T20:52:37 EET" duration-ms="10792" status="PASS">
          <reporter-output>
          </reporter-output>
        </test-method> <!-- betweenTests -->
      </class> <!-- appiumtests.AppiumTests -->
    </test> <!-- Default test -->
  </suite> <!-- Default suite -->
</testng-results>
