<?xml version="1.0" encoding="UTF-8"?>
<testng-results ignored="0" total="6" passed="6" failed="0" skipped="0">
  <reporter-output>
  </reporter-output>
  <suite started-at="2021-01-25T19:25:01 EET" name="Default suite" finished-at="2021-01-25T19:30:51 EET" duration-ms="350280">
    <groups>
    </groups>
    <test started-at="2021-01-25T19:25:01 EET" name="Default test" finished-at="2021-01-25T19:30:51 EET" duration-ms="350280">
      <class name="appiumtests.AppiumTests">
        <test-method is-config="true" signature="initialization()[pri:0, instance:appiumtests.AppiumTests@747edf66]" started-at="2021-01-25T19:25:01 EET" name="initialization" finished-at="2021-01-25T19:25:15 EET" duration-ms="14222" status="PASS">
          <reporter-output>
          </reporter-output>
        </test-method> <!-- initialization -->
        <test-method signature="ratePlayerTestcase()[pri:0, instance:appiumtests.AppiumTests@747edf66]" started-at="2021-01-25T19:25:15 EET" name="ratePlayerTestcase" finished-at="2021-01-25T19:25:31 EET" duration-ms="16386" status="PASS">
          <reporter-output>
          </reporter-output>
        </test-method> <!-- ratePlayerTestcase -->
        <test-method is-config="true" signature="betweenTests()[pri:0, instance:appiumtests.AppiumTests@747edf66]" started-at="2021-01-25T19:25:31 EET" name="betweenTests" finished-at="2021-01-25T19:25:40 EET" duration-ms="8363" status="PASS">
          <reporter-output>
          </reporter-output>
        </test-method> <!-- betweenTests -->
        <test-method signature="recommendSubTestcase()[pri:1, instance:appiumtests.AppiumTests@747edf66]" started-at="2021-01-25T19:25:40 EET" name="recommendSubTestcase" finished-at="2021-01-25T19:26:04 EET" duration-ms="24101" status="PASS">
          <reporter-output>
          </reporter-output>
        </test-method> <!-- recommendSubTestcase -->
        <test-method is-config="true" signature="betweenTests()[pri:0, instance:appiumtests.AppiumTests@747edf66]" started-at="2021-01-25T19:26:04 EET" name="betweenTests" finished-at="2021-01-25T19:26:12 EET" duration-ms="8543" status="PASS">
          <reporter-output>
          </reporter-output>
        </test-method> <!-- betweenTests -->
        <test-method signature="predictScoreTestcase()[pri:2, instance:appiumtests.AppiumTests@747edf66]" started-at="2021-01-25T19:26:12 EET" name="predictScoreTestcase" finished-at="2021-01-25T19:26:32 EET" duration-ms="19523" status="PASS">
          <reporter-output>
          </reporter-output>
        </test-method> <!-- predictScoreTestcase -->
        <test-method is-config="true" signature="betweenTests()[pri:0, instance:appiumtests.AppiumTests@747edf66]" started-at="2021-01-25T19:26:32 EET" name="betweenTests" finished-at="2021-01-25T19:26:41 EET" duration-ms="9043" status="PASS">
          <reporter-output>
          </reporter-output>
        </test-method> <!-- betweenTests -->
        <test-method signature="guestPredictScoreTestcase()[pri:3, instance:appiumtests.AppiumTests@747edf66]" started-at="2021-01-25T19:26:41 EET" name="guestPredictScoreTestcase" finished-at="2021-01-25T19:27:44 EET" duration-ms="63047" status="PASS">
          <reporter-output>
          </reporter-output>
        </test-method> <!-- guestPredictScoreTestcase -->
        <test-method is-config="true" signature="betweenTests()[pri:0, instance:appiumtests.AppiumTests@747edf66]" started-at="2021-01-25T19:27:44 EET" name="betweenTests" finished-at="2021-01-25T19:27:54 EET" duration-ms="9800" status="PASS">
          <reporter-output>
          </reporter-output>
        </test-method> <!-- betweenTests -->
        <test-method signature="guestRatePlayerTestcase()[pri:4, instance:appiumtests.AppiumTests@747edf66]" started-at="2021-01-25T19:27:54 EET" name="guestRatePlayerTestcase" finished-at="2021-01-25T19:28:56 EET" duration-ms="62811" status="PASS">
          <reporter-output>
          </reporter-output>
        </test-method> <!-- guestRatePlayerTestcase -->
        <test-method is-config="true" signature="betweenTests()[pri:0, instance:appiumtests.AppiumTests@747edf66]" started-at="2021-01-25T19:28:56 EET" name="betweenTests" finished-at="2021-01-25T19:29:07 EET" duration-ms="10204" status="PASS">
          <reporter-output>
          </reporter-output>
        </test-method> <!-- betweenTests -->
        <test-method signature="guestRecommendSubTestcase()[pri:5, instance:appiumtests.AppiumTests@747edf66]" started-at="2021-01-25T19:29:07 EET" name="guestRecommendSubTestcase" finished-at="2021-01-25T19:30:39 EET" duration-ms="91845" status="PASS">
          <reporter-output>
          </reporter-output>
        </test-method> <!-- guestRecommendSubTestcase -->
        <test-method is-config="true" signature="betweenTests()[pri:0, instance:appiumtests.AppiumTests@747edf66]" started-at="2021-01-25T19:30:39 EET" name="betweenTests" finished-at="2021-01-25T19:30:51 EET" duration-ms="12327" status="PASS">
          <reporter-output>
          </reporter-output>
        </test-method> <!-- betweenTests -->
      </class> <!-- appiumtests.AppiumTests -->
    </test> <!-- Default test -->
  </suite> <!-- Default suite -->
</testng-results>
