<?xml version="1.0" encoding="UTF-8"?>
<testng-results skipped="0" failed="0" ignored="0" total="1" passed="1">
  <reporter-output>
  </reporter-output>
  <suite name="Default suite" duration-ms="30112" started-at="2021-07-10T23:28:25Z" finished-at="2021-07-10T23:28:55Z">
    <groups>
    </groups>
    <test name="Default test" duration-ms="30112" started-at="2021-07-10T23:28:25Z" finished-at="2021-07-10T23:28:55Z">
      <class name="appiumtests.AppiumTests">
        <test-method status="PASS" signature="initialization()[pri:0, instance:appiumtests.AppiumTests@6093dd95]" name="initialization" is-config="true" duration-ms="4994" started-at="2021-07-10T23:28:25Z" finished-at="2021-07-10T23:28:30Z">
          <reporter-output>
          </reporter-output>
        </test-method> <!-- initialization -->
        <test-method status="PASS" signature="beforeTests()[pri:0, instance:appiumtests.AppiumTests@6093dd95]" name="beforeTests" is-config="true" duration-ms="40" started-at="2021-07-10T23:28:30Z" finished-at="2021-07-10T23:28:30Z">
          <reporter-output>
          </reporter-output>
        </test-method> <!-- beforeTests -->
        <test-method status="PASS" signature="createPostTestcase()[pri:4, instance:appiumtests.AppiumTests@6093dd95]" name="createPostTestcase" duration-ms="13690" started-at="2021-07-10T23:28:30Z" finished-at="2021-07-10T23:28:44Z">
          <reporter-output>
          </reporter-output>
        </test-method> <!-- createPostTestcase -->
        <test-method status="PASS" signature="afterTests()[pri:0, instance:appiumtests.AppiumTests@6093dd95]" name="afterTests" is-config="true" duration-ms="11375" started-at="2021-07-10T23:28:44Z" finished-at="2021-07-10T23:28:55Z">
          <reporter-output>
          </reporter-output>
        </test-method> <!-- afterTests -->
      </class> <!-- appiumtests.AppiumTests -->
    </test> <!-- Default test -->
  </suite> <!-- Default suite -->
</testng-results>
